********************************************************************************
PACKAGE-LOG: 2014-06-24 19:23:08
NOTICE: Do NOT post to public sites or forums 
********************************************************************************
VERSION:	0.5.4
WORDPRESS:	3.9.1
PHP INFO:	5.5.3 | SAPI: apache2handler
SERVER:		Apache/2.2.25 (Unix) mod_ssl/2.2.25 OpenSSL/0.9.8y DAV/2 PHP/5.5.3 
PHP TIME LIMIT: (0) no time limit imposed 
PHP MAX MEMORY: 5000M (128M default) 

********************************************************************************
DATABASE:
********************************************************************************
BUILD MODE:   PHP
MYSQLDUMP:    Is Supported
MYSQLTIMEOUT: 5000 
TABLES: total:31 | filtered:0 | create:31 
FILTERED: [] 
wp_commentmeta (2) 
wp_comments (1) 
wp_duplicator_packages (1) 
wp_links (0) 
wp_options (201) 
wp_postmeta (109) 
wp_posts (33) 
wp_term_relationships (12) 
wp_term_taxonomy (2) 
wp_terms (2) 
wp_usermeta (22) 
wp_users (1) 
wp_wfBadLeechers (0) 
wp_wfBlocks (0) 
wp_wfBlocksAdv (0) 
wp_wfConfig (107) 
wp_wfCrawlers (0) 
wp_wfFileMods (2761) 
wp_wfHits (1) 
wp_wfHoover (0) 
wp_wfIssues (0) 
wp_wfLeechers (0) 
wp_wfLockedOut (0) 
wp_wfLocs (0) 
wp_wfLogins (3) 
wp_wfNet404s (0) 
wp_wfReverseCache (0) 
wp_wfScanners (0) 
wp_wfStatus (302) 
wp_wfThrottleLog (0) 
wp_wfVulnScanners (0) 
SQL CREATED: 20140624_nancygoldring_53a9cff2989193056140624192226_database.sql 
SQL FILE SIZE: 990.14KB 
SQL RUNTIME: 0.38 sec. 

******************************************************************************** 
ARCHIVE (ZIP): 
******************************************************************************** 
ARCHIVE DIR:  /Users/ian/Sites/clients/nancygoldring/wordpress 
ARCHIVE FILE: 20140624_nancygoldring_53a9cff2989193056140624192226_archive.zip 
FILTERS: *OFF* 
DIRS:  not set 
EXTS:  not set 
---------------------------------------- 
COMPRESSING 
SIZE:	79.61MB 
STATS:	Dirs 614 | Files 5,896 | Links 0 
SQL ADDED: 20140624_nancygoldring_53a9cff2989193056140624192226_database.sql 
ZipArchive Object
(
    [status] => 0
    [statusSys] => 0
    [numFiles] => 6510
    [filename] => /Users/ian/Sites/clients/nancygoldring/wordpress/wp-snapshots/tmp/20140624_nancygoldring_53a9cff2989193056140624192226_archive.zip
    [comment] => 
)
 
COMPRESSION RESULT: '1' 
COMPRESSED SIZE: 42.77MB 
ARCHIVE RUNTIME: 36.89 sec. 

******************************************************************************** 
INSTALLER: 
******************************************************************************** 
INSTALLER FILE: Build Start 
INSTALLER FILE: Build Finished 
INSTALLER FILE: Preping for use 
INSTALLER FILE: Template parsed with new data 
INSTALLER FILE: Complete [/Users/ian/Sites/clients/nancygoldring/wordpress/wp-snapshots/tmp/20140624_nancygoldring_53a9cff2989193056140624192226_installer.php] 

********************************************************************************
RECORD ID:[1]
FILE SIZE: Archive:42.77MB | SQL:990.14KB | Installer:409.58KB
TOTAL PROCESS RUNTIME: 37.40 sec.
DONE PROCESSING => 20140624_nancygoldring 2014-06-24 19:23:46
********************************************************************************
 
