********************************************************************************
PACKAGE-LOG: 2014-06-30 23:34:32
NOTICE: Do NOT post to public sites or forums 
********************************************************************************
VERSION:	0.5.4
WORDPRESS:	3.9.1
PHP INFO:	5.5.3 | SAPI: apache2handler
SERVER:		Apache/2.2.25 (Unix) mod_ssl/2.2.25 OpenSSL/0.9.8y DAV/2 PHP/5.5.3 
PHP TIME LIMIT: (0) no time limit imposed 
PHP MAX MEMORY: 5000M (128M default) 

********************************************************************************
DATABASE:
********************************************************************************
BUILD MODE:   PHP
MYSQLDUMP:    Is Supported
MYSQLTIMEOUT: 5000 
TABLES: total:31 | filtered:0 | create:31 
FILTERED: [] 
wp_commentmeta (2) 
wp_comments (1) 
wp_duplicator_packages (2) 
wp_links (0) 
wp_options (204) 
wp_postmeta (423) 
wp_posts (206) 
wp_term_relationships (25) 
wp_term_taxonomy (13) 
wp_terms (13) 
wp_usermeta (25) 
wp_users (1) 
wp_wfBadLeechers (0) 
wp_wfBlocks (0) 
wp_wfBlocksAdv (0) 
wp_wfConfig (109) 
wp_wfCrawlers (0) 
wp_wfFileMods (2860) 
wp_wfHits (2) 
wp_wfHoover (0) 
wp_wfIssues (1) 
wp_wfLeechers (0) 
wp_wfLockedOut (0) 
wp_wfLocs (0) 
wp_wfLogins (4) 
wp_wfNet404s (0) 
wp_wfReverseCache (0) 
wp_wfScanners (0) 
wp_wfStatus (1171) 
wp_wfThrottleLog (0) 
wp_wfVulnScanners (0) 
SQL CREATED: 20140624_nancygoldring_53b1f3f2ed06d2536140630233410_database.sql 
SQL FILE SIZE: 1.38MB 
SQL RUNTIME: 0.58 sec. 

******************************************************************************** 
ARCHIVE (ZIP): 
******************************************************************************** 
ARCHIVE DIR:  /Users/ian/Sites/clients/nancygoldring/wordpress 
ARCHIVE FILE: 20140624_nancygoldring_53b1f3f2ed06d2536140630233410_archive.zip 
FILTERS: *OFF* 
DIRS:  not set 
EXTS:  not set 
---------------------------------------- 
COMPRESSING 
SIZE:	113.35MB 
STATS:	Dirs 614 | Files 6,287 | Links 0 
SQL ADDED: 20140624_nancygoldring_53b1f3f2ed06d2536140630233410_database.sql 
ZipArchive Object
(
    [status] => 0
    [statusSys] => 0
    [numFiles] => 6901
    [filename] => /Users/ian/Sites/clients/nancygoldring/wordpress/wp-snapshots/tmp/20140624_nancygoldring_53b1f3f2ed06d2536140630233410_archive.zip
    [comment] => 
)
 
COMPRESSION RESULT: '1' 
COMPRESSED SIZE: 76.09MB 
ARCHIVE RUNTIME: 51.19 sec. 

******************************************************************************** 
INSTALLER: 
******************************************************************************** 
INSTALLER FILE: Build Start 
INSTALLER FILE: Build Finished 
INSTALLER FILE: Preping for use 
INSTALLER FILE: Template parsed with new data 
INSTALLER FILE: Complete [/Users/ian/Sites/clients/nancygoldring/wordpress/wp-snapshots/tmp/20140624_nancygoldring_53b1f3f2ed06d2536140630233410_installer.php] 

********************************************************************************
RECORD ID:[2]
FILE SIZE: Archive:76.09MB | SQL:1.38MB | Installer:409.6KB
TOTAL PROCESS RUNTIME: 51.88 sec.
DONE PROCESSING => 20140624_nancygoldring 2014-06-30 23:35:24
********************************************************************************
 
